[2021-09-24 15:13:39] local.ERROR: SQLSTATE[HY000] [2002] Connection refused (SQL: select * from `connects` where `status` = 0) {"exception":"[object] (Illuminate\\Database\\QueryException(code: 2002): SQLSTATE[HY000] [2002] Connection refused (SQL: select * from `connects` where `status` = 0) at /home/god/project/BetaChat/vendor/laravel/framework/src/Illuminate/Database/Connection.php:692)
[stacktrace]
#0 /home/god/project/BetaChat/vendor/laravel/framework/src/Illuminate/Database/Connection.php(764): Illuminate\\Database\\Connection->runQueryCallback()
#1 /home/god/project/BetaChat/vendor/laravel/framework/src/Illuminate/Database/Connection.php(744): Illuminate\\Database\\Connection->tryAgainIfCausedByLostConnection()
#2 /home/god/project/BetaChat/vendor/laravel/framework/src/Illuminate/Database/Connection.php(655): Illuminate\\Database\\Connection->handleQueryException()
#3 /home/god/project/BetaChat/vendor/laravel/framework/src/Illuminate/Database/Connection.php(360): Illuminate\\Database\\Connection->run()
#4 /home/god/project/BetaChat/vendor/laravel/framework/src/Illuminate/Database/Query/Builder.php(2350): Illuminate\\Database\\Connection->select()
#5 /home/god/project/BetaChat/vendor/laravel/framework/src/Illuminate/Database/Query/Builder.php(2338): Illuminate\\Database\\Query\\Builder->runSelect()
#6 /home/god/project/BetaChat/vendor/laravel/framework/src/Illuminate/Database/Query/Builder.php(2872): Illuminate\\Database\\Query\\Builder->Illuminate\\Database\\Query\\{closure}()
#7 /home/god/project/BetaChat/vendor/laravel/framework/src/Illuminate/Database/Query/Builder.php(2339): Illuminate\\Database\\Query\\Builder->onceWithColumns()
#8 /home/god/project/BetaChat/vendor/laravel/framework/src/Illuminate/Database/Eloquent/Builder.php(602): Illuminate\\Database\\Query\\Builder->get()
#9 /home/god/project/BetaChat/vendor/laravel/framework/src/Illuminate/Database/Eloquent/Builder.php(586): Illuminate\\Database\\Eloquent\\Builder->getModels()
#10 /home/god/project/BetaChat/app/helper/autoload.php(51): Illuminate\\Database\\Eloquent\\Builder->get()
#11 /home/god/project/BetaChat/app/Console/Commands/bconnect.php(41): doConnects()
#12 /home/god/project/BetaChat/vendor/laravel/framework/src/Illuminate/Container/BoundMethod.php(36): App\\Console\\Commands\\bconnect->handle()
#13 /home/god/project/BetaChat/vendor/laravel/framework/src/Illuminate/Container/Util.php(40): Illuminate\\Container\\BoundMethod::Illuminate\\Container\\{closure}()
#14 /home/god/project/BetaChat/vendor/laravel/framework/src/Illuminate/Container/BoundMethod.php(93): Illuminate\\Container\\Util::unwrapIfClosure()
#15 /home/god/project/BetaChat/vendor/laravel/framework/src/Illuminate/Container/BoundMethod.php(37): Illuminate\\Container\\BoundMethod::callBoundMethod()
#16 /home/god/project/BetaChat/vendor/laravel/framework/src/Illuminate/Container/Container.php(651): Illuminate\\Container\\BoundMethod::call()
#17 /home/god/project/BetaChat/vendor/laravel/framework/src/Illuminate/Console/Command.php(136): Illuminate\\Container\\Container->call()
#18 /home/god/project/BetaChat/vendor/symfony/console/Command/Command.php(299): Illuminate\\Console\\Command->execute()
#19 /home/god/project/BetaChat/vendor/laravel/framework/src/Illuminate/Console/Command.php(121): Symfony\\Component\\Console\\Command\\Command->run()
#20 /home/god/project/BetaChat/vendor/symfony/console/Application.php(978): Illuminate\\Console\\Command->run()
#21 /home/god/project/BetaChat/vendor/symfony/console/Application.php(295): Symfony\\Component\\Console\\Application->doRunCommand()
#22 /home/god/project/BetaChat/vendor/symfony/console/Application.php(167): Symfony\\Component\\Console\\Application->doRun()
#23 /home/god/project/BetaChat/vendor/laravel/framework/src/Illuminate/Console/Application.php(92): Symfony\\Component\\Console\\Application->run()
#24 /home/god/project/BetaChat/vendor/laravel/framework/src/Illuminate/Foundation/Console/Kernel.php(129): Illuminate\\Console\\Application->run()
#25 /home/god/project/BetaChat/artisan(37): Illuminate\\Foundation\\Console\\Kernel->handle()
#26 {main}

[previous exception] [object] (PDOException(code: 2002): SQLSTATE[HY000] [2002] Connection refused at /home/god/project/BetaChat/vendor/laravel/framework/src/Illuminate/Database/Connectors/Connector.php:70)
[stacktrace]
#0 /home/god/project/BetaChat/vendor/laravel/framework/src/Illuminate/Database/Connectors/Connector.php(70): PDO->__construct()
#1 /home/god/project/BetaChat/vendor/laravel/framework/src/Illuminate/Database/Connectors/Connector.php(100): Illuminate\\Database\\Connectors\\Connector->createPdoConnection()
#2 /home/god/project/BetaChat/vendor/laravel/framework/src/Illuminate/Database/Connectors/Connector.php(50): Illuminate\\Database\\Connectors\\Connector->tryAgainIfCausedByLostConnection()
#3 /home/god/project/BetaChat/vendor/laravel/framework/src/Illuminate/Database/Connectors/MySqlConnector.php(24): Illuminate\\Database\\Connectors\\Connector->createConnection()
#4 /home/god/project/BetaChat/vendor/laravel/framework/src/Illuminate/Database/Connectors/ConnectionFactory.php(184): Illuminate\\Database\\Connectors\\MySqlConnector->connect()
#5 [internal function]: Illuminate\\Database\\Connectors\\ConnectionFactory->Illuminate\\Database\\Connectors\\{closure}()
#6 /home/god/project/BetaChat/vendor/laravel/framework/src/Illuminate/Database/Connection.php(997): call_user_func()
#7 /home/god/project/BetaChat/vendor/laravel/framework/src/Illuminate/Database/Connection.php(1033): Illuminate\\Database\\Connection->getPdo()
#8 /home/god/project/BetaChat/vendor/laravel/framework/src/Illuminate/Database/Connection.php(426): Illuminate\\Database\\Connection->getReadPdo()
#9 /home/god/project/BetaChat/vendor/laravel/framework/src/Illuminate/Database/Connection.php(352): Illuminate\\Database\\Connection->getPdoForSelect()
#10 /home/god/project/BetaChat/vendor/laravel/framework/src/Illuminate/Database/Connection.php(685): Illuminate\\Database\\Connection->Illuminate\\Database\\{closure}()
#11 /home/god/project/BetaChat/vendor/laravel/framework/src/Illuminate/Database/Connection.php(764): Illuminate\\Database\\Connection->runQueryCallback()
#12 /home/god/project/BetaChat/vendor/laravel/framework/src/Illuminate/Database/Connection.php(744): Illuminate\\Database\\Connection->tryAgainIfCausedByLostConnection()
#13 /home/god/project/BetaChat/vendor/laravel/framework/src/Illuminate/Database/Connection.php(655): Illuminate\\Database\\Connection->handleQueryException()
#14 /home/god/project/BetaChat/vendor/laravel/framework/src/Illuminate/Database/Connection.php(360): Illuminate\\Database\\Connection->run()
#15 /home/god/project/BetaChat/vendor/laravel/framework/src/Illuminate/Database/Query/Builder.php(2350): Illuminate\\Database\\Connection->select()
#16 /home/god/project/BetaChat/vendor/laravel/framework/src/Illuminate/Database/Query/Builder.php(2338): Illuminate\\Database\\Query\\Builder->runSelect()
#17 /home/god/project/BetaChat/vendor/laravel/framework/src/Illuminate/Database/Query/Builder.php(2872): Illuminate\\Database\\Query\\Builder->Illuminate\\Database\\Query\\{closure}()
#18 /home/god/project/BetaChat/vendor/laravel/framework/src/Illuminate/Database/Query/Builder.php(2339): Illuminate\\Database\\Query\\Builder->onceWithColumns()
#19 /home/god/project/BetaChat/vendor/laravel/framework/src/Illuminate/Database/Eloquent/Builder.php(602): Illuminate\\Database\\Query\\Builder->get()
#20 /home/god/project/BetaChat/vendor/laravel/framework/src/Illuminate/Database/Eloquent/Builder.php(586): Illuminate\\Database\\Eloquent\\Builder->getModels()
#21 /home/god/project/BetaChat/app/helper/autoload.php(51): Illuminate\\Database\\Eloquent\\Builder->get()
#22 /home/god/project/BetaChat/app/Console/Commands/bconnect.php(41): doConnects()
#23 /home/god/project/BetaChat/vendor/laravel/framework/src/Illuminate/Container/BoundMethod.php(36): App\\Console\\Commands\\bconnect->handle()
#24 /home/god/project/BetaChat/vendor/laravel/framework/src/Illuminate/Container/Util.php(40): Illuminate\\Container\\BoundMethod::Illuminate\\Container\\{closure}()
#25 /home/god/project/BetaChat/vendor/laravel/framework/src/Illuminate/Container/BoundMethod.php(93): Illuminate\\Container\\Util::unwrapIfClosure()
#26 /home/god/project/BetaChat/vendor/laravel/framework/src/Illuminate/Container/BoundMethod.php(37): Illuminate\\Container\\BoundMethod::callBoundMethod()
#27 /home/god/project/BetaChat/vendor/laravel/framework/src/Illuminate/Container/Container.php(651): Illuminate\\Container\\BoundMethod::call()
#28 /home/god/project/BetaChat/vendor/laravel/framework/src/Illuminate/Console/Command.php(136): Illuminate\\Container\\Container->call()
#29 /home/god/project/BetaChat/vendor/symfony/console/Command/Command.php(299): Illuminate\\Console\\Command->execute()
#30 /home/god/project/BetaChat/vendor/laravel/framework/src/Illuminate/Console/Command.php(121): Symfony\\Component\\Console\\Command\\Command->run()
#31 /home/god/project/BetaChat/vendor/symfony/console/Application.php(978): Illuminate\\Console\\Command->run()
#32 /home/god/project/BetaChat/vendor/symfony/console/Application.php(295): Symfony\\Component\\Console\\Application->doRunCommand()
#33 /home/god/project/BetaChat/vendor/symfony/console/Application.php(167): Symfony\\Component\\Console\\Application->doRun()
#34 /home/god/project/BetaChat/vendor/laravel/framework/src/Illuminate/Console/Application.php(92): Symfony\\Component\\Console\\Application->run()
#35 /home/god/project/BetaChat/vendor/laravel/framework/src/Illuminate/Foundation/Console/Kernel.php(129): Illuminate\\Console\\Application->run()
#36 /home/god/project/BetaChat/artisan(37): Illuminate\\Foundation\\Console\\Kernel->handle()
#37 {main}
"} 
